2011-11-23 15:19:42,806 [main] INFO  - Done merging
2011-11-23 15:19:43,754 [main] INFO  - Edge: 'e_init', INDEX=72 
2011-11-23 15:19:43,805 [main] INFO  - Vertex: 'v_BrowserStopped', INDEX=64  DATA: num_of_backlog_stories=0;num_of_stories=0;num_of_iterations=0;num_of_iteration_stories=0;
2011-11-23 15:19:43,809 [main] INFO  - Edge: 'e_StartBrowser', INDEX=73 
2011-11-23 15:19:52,051 [main] INFO  - Vertex: 'v_BrowserStarted', INDEX=62  DATA: num_of_backlog_stories=0;num_of_stories=0;num_of_iterations=0;num_of_iteration_stories=0;
2011-11-23 15:19:52,475 [main] INFO  - Found browser with title: 
2011-11-23 15:19:52,475 [main] INFO  - Edge: 'e_EnterBaseURL', INDEX=75 
2011-11-23 15:19:54,319 [main] INFO  - Vertex: 'v_Login', INDEX=63  DATA: num_of_backlog_stories=0;num_of_stories=0;num_of_iterations=0;num_of_iteration_stories=0;
2011-11-23 15:19:55,154 [main] INFO  - Bodytext:Agilefant login 
 
 Username Password  Remember me   
 
 Agilefant 2.0.3 (r4337) | SoberIT | Aalto University
2011-11-23 15:19:55,154 [main] INFO  - Text to find: Agilefant login
2011-11-23 15:19:55,154 [main] INFO  - Edge: 'e_InputUserCredentials', INDEX=74 
2011-11-23 15:19:55,578 [main] INFO  - Username: admin
2011-11-23 15:19:56,009 [main] INFO  - Password: secret
2011-11-23 15:19:56,439 [main] INFO  - Vertex: 'v_AgilefantLandingPage', INDEX=66  DATA: num_of_backlog_stories=0;num_of_stories=0;num_of_iterations=0;num_of_iteration_stories=0;
2011-11-23 15:20:01,640 [main] INFO  - Edge: 'e_ClickBacklogTab', INDEX=77 
2011-11-23 15:20:02,144 [main] INFO  - Vertex: 'v_EmptyBacklogPage', INDEX=67  DATA: num_of_backlog_stories=0;num_of_stories=0;num_of_iterations=0;num_of_iteration_stories=0;
2011-11-23 15:20:07,850 [main] INFO  - Bodytext:Create new | Administrator | Help | Logout 
 
 Daily Work Backlogs Timesheets Administration 
 Search... 
 
 Search: 
 
 My Assignments No items assigned to you



 Products Administration 
 
 
 
 
 No backlog selected Please select a backlog from left hand side panel. You can also start by creating a new object.
 Product È Project È Iteration È Story È Team È User È 
 
 Agilefant 2.0.3 (r4337) | SoberIT | Aalto University
2011-11-23 15:20:07,851 [main] INFO  - Text to find: No backlog selected
2011-11-23 15:20:07,853 [main] INFO  - Edge: 'e_ClickProjectName', INDEX=78 
2011-11-23 15:20:11,789 [main] INFO  - Vertex: 'v_AgilefantProjectBacklog', INDEX=65  DATA: num_of_backlog_stories=0;num_of_stories=0;num_of_iterations=0;num_of_iteration_stories=0;
2011-11-23 15:20:12,310 [main] INFO  - Bodytext:Create new | Administrator | Help | Logout 
 
 Daily Work Backlogs Timesheets Administration 
 Search... 
 
 Search: 
 
 My Assignments Products Group ZeroZero Sugar Project

test-product-1
test-product-1
test-product-1
test-product-2
test-product-2
test-product-2
test-product-2
test-product-3
test-product-3
test-product-3
test-product-3



 Administration 
 
 
 
 
 Project: Zero Sugar Project Group Zero > Zero Sugar Project 
 Info Actions Name
Zero Sugar Project

Reference ID
backlog:8

Start Date
2011-10-19 09:39

End Date
2011-10-19 09:39

Planned Size
Ñ

Baseline load
Ñ

Assignees
(none)

Description
(empty)




 
 Story tree Leaf stories Iterations 
 Story tree

Create storyExpand all

     N Ð   Backlog story (Zero Sugar Project)      B 5   Story Zero (Iteration Zero) 

 Please wait... 



 
  
 
 
 
 
 
 Agilefant 2.0.3 (r4337) | SoberIT | Aalto University
2011-11-23 15:20:12,312 [main] INFO  - Text to find: Project: Zero Sugar Project
2011-11-23 15:20:12,748 [main] INFO  - assertNotBodyText
2011-11-23 15:20:12,748 [main] INFO  - body: Create new | Administrator | Help | Logout 
 
 Daily Work Backlogs Timesheets Administration 
 Search... 
 
 Search: 
 
 My Assignments Products Group ZeroZero Sugar Project

test-product-1
test-product-1
test-product-1
test-product-2
test-product-2
test-product-2
test-product-2
test-product-3
test-product-3
test-product-3
test-product-3



 Administration 
 
 
 
 
 Project: Zero Sugar Project Group Zero > Zero Sugar Project 
 Info Actions Name
Zero Sugar Project

Reference ID
backlog:8

Start Date
2011-10-19 09:39

End Date
2011-10-19 09:39

Planned Size
Ñ

Baseline load
Ñ

Assignees
(none)

Description
(empty)




 
 Story tree Leaf stories Iterations 
 Story tree

Create storyExpand all

     N Ð   Backlog story (Zero Sugar Project)      B 5   Story Zero (Iteration Zero) 

 Please wait... 



 
  
 
 
 
 
 
 Agilefant 2.0.3 (r4337) | SoberIT | Aalto University
2011-11-23 15:20:12,749 [main] INFO  - toFind: Create a new iteration
2011-11-23 15:20:12,749 [main] INFO  - result: false
2011-11-23 15:20:12,750 [main] INFO  - Edge: '', INDEX=79 
2011-11-23 15:20:12,750 [main] INFO  - Vertex: 'v_SubGraphCreateNewIteration', INDEX=68  DATA: num_of_backlog_stories=0;num_of_stories=0;num_of_iterations=0;num_of_iteration_stories=0;
2011-11-23 15:20:12,752 [main] INFO  - Edge: '', INDEX=80 
2011-11-23 15:20:12,753 [main] INFO  - Vertex: 'v_AgilefantProjectBacklog', INDEX=65  DATA: num_of_backlog_stories=0;num_of_stories=0;num_of_iterations=0;num_of_iteration_stories=0;
2011-11-23 15:20:13,186 [main] INFO  - Bodytext:Create new | Administrator | Help | Logout 
 
 Daily Work Backlogs Timesheets Administration 
 Search... 
 
 Search: 
 
 My Assignments Products Group ZeroZero Sugar Project

test-product-1
test-product-1
test-product-1
test-product-2
test-product-2
test-product-2
test-product-2
test-product-3
test-product-3
test-product-3
test-product-3



 Administration 
 
 
 
 
 Project: Zero Sugar Project Group Zero > Zero Sugar Project 
 Info Actions Name
Zero Sugar Project

Reference ID
backlog:8

Start Date
2011-10-19 09:39

End Date
2011-10-19 09:39

Planned Size
Ñ

Baseline load
Ñ

Assignees
(none)

Description
(empty)




 
 Story tree Leaf stories Iterations 
 Story tree

Create storyExpand all

     N Ð   Backlog story (Zero Sugar Project)      B 5   Story Zero (Iteration Zero) 


 
  
 
 
 
 
 
 Agilefant 2.0.3 (r4337) | SoberIT | Aalto University
2011-11-23 15:20:13,186 [main] INFO  - Text to find: Project: Zero Sugar Project
2011-11-23 15:20:13,724 [main] INFO  - assertNotBodyText
2011-11-23 15:20:13,724 [main] INFO  - body: Create new | Administrator | Help | Logout 
 
 Daily Work Backlogs Timesheets Administration 
 Search... 
 
 Search: 
 
 My Assignments Products Group ZeroZero Sugar Project

test-product-1
test-product-1
test-product-1
test-product-2
test-product-2
test-product-2
test-product-2
test-product-3
test-product-3
test-product-3
test-product-3



 Administration 
 
 
 
 
 Project: Zero Sugar Project Group Zero > Zero Sugar Project 
 Info Actions Name
Zero Sugar Project

Reference ID
backlog:8

Start Date
2011-10-19 09:39

End Date
2011-10-19 09:39

Planned Size
Ñ

Baseline load
Ñ

Assignees
(none)

Description
(empty)




 
 Story tree Leaf stories Iterations 
 Story tree

Create storyExpand all

     N Ð   Backlog story (Zero Sugar Project)      B 5   Story Zero (Iteration Zero) 


 
  
 
 
 
 
 
 Agilefant 2.0.3 (r4337) | SoberIT | Aalto University
2011-11-23 15:20:13,724 [main] INFO  - toFind: Create a new iteration
2011-11-23 15:20:13,725 [main] INFO  - result: false
2011-11-23 15:20:13,725 [main] INFO  - Edge: '', INDEX=79 
2011-11-23 15:20:13,725 [main] INFO  - Vertex: 'v_SubGraphCreateNewIteration', INDEX=68  DATA: num_of_backlog_stories=0;num_of_stories=0;num_of_iterations=0;num_of_iteration_stories=0;
2011-11-23 15:20:13,725 [main] INFO  - Edge: 'e_ClickCreateNewIteration', INDEX=96 
2011-11-23 15:20:14,775 [main] INFO  - Vertex: 'v_CreateNewIteration', INDEX=88  DATA: num_of_backlog_stories=0;num_of_stories=0;num_of_iterations=0;num_of_iteration_stories=0;
2011-11-23 15:20:15,204 [main] INFO  - Edge: 'e_ClickCancelNewIteration', INDEX=95 
2011-11-23 15:20:15,668 [main] INFO  - Vertex: 'v_SubGraphCreateNewIteration', INDEX=68  DATA: num_of_backlog_stories=0;num_of_stories=0;num_of_iterations=0;num_of_iteration_stories=0;
2011-11-23 15:20:15,668 [main] INFO  - Edge: '', INDEX=80 
2011-11-23 15:20:15,668 [main] INFO  - Vertex: 'v_AgilefantProjectBacklog', INDEX=65  DATA: num_of_backlog_stories=0;num_of_stories=0;num_of_iterations=0;num_of_iteration_stories=0;
2011-11-23 15:20:16,100 [main] INFO  - Bodytext:Create new | Administrator | Help | Logout 
 
 Daily Work Backlogs Timesheets Administration 
 Search... 
 
 Search: 
 
 My Assignments Products Group ZeroZero Sugar Project

test-product-1
test-product-1
test-product-1
test-product-2
test-product-2
test-product-2
test-product-2
test-product-3
test-product-3
test-product-3
test-product-3



 Administration 
 
 
 
 
 Project: Zero Sugar Project Group Zero > Zero Sugar Project 
 Info Actions Name
Zero Sugar Project

Reference ID
backlog:8

Start Date
2011-10-19 09:39

End Date
2011-10-19 09:39

Planned Size
Ñ

Baseline load
Ñ

Assignees
(none)

Description
(empty)




 
 Story tree Leaf stories Iterations 
 Story tree

Create storyExpand all

     N Ð   Backlog story (Zero Sugar Project)      B 5   Story Zero (Iteration Zero) 


 
  
 
 
 
 
 
 Agilefant 2.0.3 (r4337) | SoberIT | Aalto University
2011-11-23 15:20:16,100 [main] INFO  - Text to find: Project: Zero Sugar Project
2011-11-23 15:20:16,534 [main] INFO  - assertNotBodyText
2011-11-23 15:20:16,535 [main] INFO  - body: Create new | Administrator | Help | Logout 
 
 Daily Work Backlogs Timesheets Administration 
 Search... 
 
 Search: 
 
 My Assignments Products Group ZeroZero Sugar Project

test-product-1
test-product-1
test-product-1
test-product-2
test-product-2
test-product-2
test-product-2
test-product-3
test-product-3
test-product-3
test-product-3



 Administration 
 
 
 
 
 Project: Zero Sugar Project Group Zero > Zero Sugar Project 
 Info Actions Name
Zero Sugar Project

Reference ID
backlog:8

Start Date
2011-10-19 09:39

End Date
2011-10-19 09:39

Planned Size
Ñ

Baseline load
Ñ

Assignees
(none)

Description
(empty)




 
 Story tree Leaf stories Iterations 
 Story tree

Create storyExpand all

     N Ð   Backlog story (Zero Sugar Project)      B 5   Story Zero (Iteration Zero) 


 
  
 
 
 
 
 
 Agilefant 2.0.3 (r4337) | SoberIT | Aalto University
2011-11-23 15:20:16,535 [main] INFO  - toFind: Create a new iteration
2011-11-23 15:20:16,535 [main] INFO  - result: false
2011-11-23 15:20:16,536 [main] INFO  - Edge: '', INDEX=79 
2011-11-23 15:20:16,536 [main] INFO  - Vertex: 'v_SubGraphCreateNewIteration', INDEX=68  DATA: num_of_backlog_stories=0;num_of_stories=0;num_of_iterations=0;num_of_iteration_stories=0;
2011-11-23 15:20:16,537 [main] INFO  - Edge: '', INDEX=80 
2011-11-23 15:20:16,538 [main] INFO  - Vertex: 'v_AgilefantProjectBacklog', INDEX=65  DATA: num_of_backlog_stories=0;num_of_stories=0;num_of_iterations=0;num_of_iteration_stories=0;
2011-11-23 15:20:16,977 [main] INFO  - Bodytext:Create new | Administrator | Help | Logout 
 
 Daily Work Backlogs Timesheets Administration 
 Search... 
 
 Search: 
 
 My Assignments Products Group ZeroZero Sugar Project

test-product-1
test-product-1
test-product-1
test-product-2
test-product-2
test-product-2
test-product-2
test-product-3
test-product-3
test-product-3
test-product-3



 Administration 
 
 
 
 
 Project: Zero Sugar Project Group Zero > Zero Sugar Project 
 Info Actions Name
Zero Sugar Project

Reference ID
backlog:8

Start Date
2011-10-19 09:39

End Date
2011-10-19 09:39

Planned Size
Ñ

Baseline load
Ñ

Assignees
(none)

Description
(empty)




 
 Story tree Leaf stories Iterations 
 Story tree

Create storyExpand all

     N Ð   Backlog story (Zero Sugar Project)      B 5   Story Zero (Iteration Zero) 


 
  
 
 
 
 
 
 Agilefant 2.0.3 (r4337) | SoberIT | Aalto University
2011-11-23 15:20:16,978 [main] INFO  - Text to find: Project: Zero Sugar Project
2011-11-23 15:20:17,416 [main] INFO  - assertNotBodyText
2011-11-23 15:20:17,416 [main] INFO  - body: Create new | Administrator | Help | Logout 
 
 Daily Work Backlogs Timesheets Administration 
 Search... 
 
 Search: 
 
 My Assignments Products Group ZeroZero Sugar Project

test-product-1
test-product-1
test-product-1
test-product-2
test-product-2
test-product-2
test-product-2
test-product-3
test-product-3
test-product-3
test-product-3



 Administration 
 
 
 
 
 Project: Zero Sugar Project Group Zero > Zero Sugar Project 
 Info Actions Name
Zero Sugar Project

Reference ID
backlog:8

Start Date
2011-10-19 09:39

End Date
2011-10-19 09:39

Planned Size
Ñ

Baseline load
Ñ

Assignees
(none)

Description
(empty)




 
 Story tree Leaf stories Iterations 
 Story tree

Create storyExpand all

     N Ð   Backlog story (Zero Sugar Project)      B 5   Story Zero (Iteration Zero) 


 
  
 
 
 
 
 
 Agilefant 2.0.3 (r4337) | SoberIT | Aalto University
2011-11-23 15:20:17,417 [main] INFO  - toFind: Create a new iteration
2011-11-23 15:20:17,417 [main] INFO  - result: false
2011-11-23 15:20:17,417 [main] INFO  - Edge: '', INDEX=79 
2011-11-23 15:20:17,418 [main] INFO  - Vertex: 'v_SubGraphCreateNewIteration', INDEX=68  DATA: num_of_backlog_stories=0;num_of_stories=0;num_of_iterations=0;num_of_iteration_stories=0;
2011-11-23 15:20:17,418 [main] INFO  - Edge: '', INDEX=80 
2011-11-23 15:20:17,419 [main] INFO  - Vertex: 'v_AgilefantProjectBacklog', INDEX=65  DATA: num_of_backlog_stories=0;num_of_stories=0;num_of_iterations=0;num_of_iteration_stories=0;
2011-11-23 15:20:17,856 [main] INFO  - Bodytext:Create new | Administrator | Help | Logout 
 
 Daily Work Backlogs Timesheets Administration 
 Search... 
 
 Search: 
 
 My Assignments Products Group ZeroZero Sugar Project

test-product-1
test-product-1
test-product-1
test-product-2
test-product-2
test-product-2
test-product-2
test-product-3
test-product-3
test-product-3
test-product-3



 Administration 
 
 
 
 
 Project: Zero Sugar Project Group Zero > Zero Sugar Project 
 Info Actions Name
Zero Sugar Project

Reference ID
backlog:8

Start Date
2011-10-19 09:39

End Date
2011-10-19 09:39

Planned Size
Ñ

Baseline load
Ñ

Assignees
(none)

Description
(empty)




 
 Story tree Leaf stories Iterations 
 Story tree

Create storyExpand all

     N Ð   Backlog story (Zero Sugar Project)      B 5   Story Zero (Iteration Zero) 


 
  
 
 
 
 
 
 Agilefant 2.0.3 (r4337) | SoberIT | Aalto University
2011-11-23 15:20:17,856 [main] INFO  - Text to find: Project: Zero Sugar Project
2011-11-23 15:20:18,288 [main] INFO  - assertNotBodyText
2011-11-23 15:20:18,288 [main] INFO  - body: Create new | Administrator | Help | Logout 
 
 Daily Work Backlogs Timesheets Administration 
 Search... 
 
 Search: 
 
 My Assignments Products Group ZeroZero Sugar Project

test-product-1
test-product-1
test-product-1
test-product-2
test-product-2
test-product-2
test-product-2
test-product-3
test-product-3
test-product-3
test-product-3



 Administration 
 
 
 
 
 Project: Zero Sugar Project Group Zero > Zero Sugar Project 
 Info Actions Name
Zero Sugar Project

Reference ID
backlog:8

Start Date
2011-10-19 09:39

End Date
2011-10-19 09:39

Planned Size
Ñ

Baseline load
Ñ

Assignees
(none)

Description
(empty)




 
 Story tree Leaf stories Iterations 
 Story tree

Create storyExpand all

     N Ð   Backlog story (Zero Sugar Project)      B 5   Story Zero (Iteration Zero) 


 
  
 
 
 
 
 
 Agilefant 2.0.3 (r4337) | SoberIT | Aalto University
2011-11-23 15:20:18,288 [main] INFO  - toFind: Create a new iteration
2011-11-23 15:20:18,289 [main] INFO  - result: false
2011-11-23 15:20:18,289 [main] INFO  - Edge: '', INDEX=79 
2011-11-23 15:20:18,289 [main] INFO  - Vertex: 'v_SubGraphCreateNewIteration', INDEX=68  DATA: num_of_backlog_stories=0;num_of_stories=0;num_of_iterations=0;num_of_iteration_stories=0;
2011-11-23 15:20:18,290 [main] INFO  - Edge: '', INDEX=80 
2011-11-23 15:20:18,290 [main] INFO  - Vertex: 'v_AgilefantProjectBacklog', INDEX=65  DATA: num_of_backlog_stories=0;num_of_stories=0;num_of_iterations=0;num_of_iteration_stories=0;
2011-11-23 15:20:18,742 [main] INFO  - Bodytext:Create new | Administrator | Help | Logout 
 
 Daily Work Backlogs Timesheets Administration 
 Search... 
 
 Search: 
 
 My Assignments Products Group ZeroZero Sugar Project

test-product-1
test-product-1
test-product-1
test-product-2
test-product-2
test-product-2
test-product-2
test-product-3
test-product-3
test-product-3
test-product-3



 Administration 
 
 
 
 
 Project: Zero Sugar Project Group Zero > Zero Sugar Project 
 Info Actions Name
Zero Sugar Project

Reference ID
backlog:8

Start Date
2011-10-19 09:39

End Date
2011-10-19 09:39

Planned Size
Ñ

Baseline load
Ñ

Assignees
(none)

Description
(empty)




 
 Story tree Leaf stories Iterations 
 Story tree

Create storyExpand all

     N Ð   Backlog story (Zero Sugar Project)      B 5   Story Zero (Iteration Zero) 


 
  
 
 
 
 
 
 Agilefant 2.0.3 (r4337) | SoberIT | Aalto University
2011-11-23 15:20:18,743 [main] INFO  - Text to find: Project: Zero Sugar Project
2011-11-23 15:20:19,204 [main] INFO  - assertNotBodyText
2011-11-23 15:20:19,204 [main] INFO  - body: Create new | Administrator | Help | Logout 
 
 Daily Work Backlogs Timesheets Administration 
 Search... 
 
 Search: 
 
 My Assignments Products Group ZeroZero Sugar Project

test-product-1
test-product-1
test-product-1
test-product-2
test-product-2
test-product-2
test-product-2
test-product-3
test-product-3
test-product-3
test-product-3



 Administration 
 
 
 
 
 Project: Zero Sugar Project Group Zero > Zero Sugar Project 
 Info Actions Name
Zero Sugar Project

Reference ID
backlog:8

Start Date
2011-10-19 09:39

End Date
2011-10-19 09:39

Planned Size
Ñ

Baseline load
Ñ

Assignees
(none)

Description
(empty)




 
 Story tree Leaf stories Iterations 
 Story tree

Create storyExpand all

     N Ð   Backlog story (Zero Sugar Project)      B 5   Story Zero (Iteration Zero) 


 
  
 
 
 
 
 
 Agilefant 2.0.3 (r4337) | SoberIT | Aalto University
2011-11-23 15:20:19,204 [main] INFO  - toFind: Create a new iteration
2011-11-23 15:20:19,204 [main] INFO  - result: false
2011-11-23 15:20:19,206 [main] INFO  - Edge: '', INDEX=79 
2011-11-23 15:20:19,206 [main] INFO  - Vertex: 'v_SubGraphCreateNewIteration', INDEX=68  DATA: num_of_backlog_stories=0;num_of_stories=0;num_of_iterations=0;num_of_iteration_stories=0;
2011-11-23 15:20:19,208 [main] INFO  - Edge: 'e_ClickCreateNewIteration', INDEX=96 
2011-11-23 15:20:20,268 [main] INFO  - Vertex: 'v_CreateNewIteration', INDEX=88  DATA: num_of_backlog_stories=0;num_of_stories=0;num_of_iterations=0;num_of_iteration_stories=0;
2011-11-23 15:20:20,693 [main] INFO  - Edge: 'e_ClickCancelNewIteration', INDEX=95 
2011-11-23 15:20:21,187 [main] INFO  - Vertex: 'v_SubGraphCreateNewIteration', INDEX=68  DATA: num_of_backlog_stories=0;num_of_stories=0;num_of_iterations=0;num_of_iteration_stories=0;
2011-11-23 15:20:21,188 [main] INFO  - Edge: 'e_ClickCreateNewIteration', INDEX=96 
2011-11-23 15:20:22,292 [main] INFO  - Vertex: 'v_CreateNewIteration', INDEX=88  DATA: num_of_backlog_stories=0;num_of_stories=0;num_of_iterations=0;num_of_iteration_stories=0;
2011-11-23 15:20:22,786 [main] INFO  - Edge: 'e_InputIterationDetailsAndSave', INDEX=91 
2011-11-23 15:20:33,562 [main] INFO  - Vertex: 'v_VerifyIterationCreation', INDEX=87  DATA: num_of_backlog_stories=0;num_of_stories=0;num_of_iterations=1;num_of_iteration_stories=0;
2011-11-23 15:20:38,159 [Thread-2] INFO  - Edge not reached: Edge: '', INDEX=94
Coverage Edges: 11/12 => 91%
Coverage Vertices: 10/10 => 100%
Unvisited Edges:  1
Unvisited Vertices: 0
Test sequence length:  23
Execution time: 55 seconds
2011-12-09 12:27:52,783 [main] INFO  - Done merging
2011-12-09 12:27:55,244 [main] INFO  - Edge: 'e_init', INDEX=72 
2011-12-09 12:27:55,371 [main] ERROR - InvocationTargetException for: Edge: 'e_init', INDEX=72 : Connection refused
2011-12-09 12:27:55,373 [main] ERROR - java.lang.reflect.InvocationTargetException
	at sun.reflect.NativeMethodAccessorImpl.invoke0(Native Method)
	at sun.reflect.NativeMethodAccessorImpl.invoke(NativeMethodAccessorImpl.java:39)
	at sun.reflect.DelegatingMethodAccessorImpl.invoke(DelegatingMethodAccessorImpl.java:25)
	at java.lang.reflect.Method.invoke(Method.java:597)
	at org.tigris.mbt.ModelBasedTesting.executeMethod(ModelBasedTesting.java:859)
	at org.tigris.mbt.ModelBasedTesting.executePath(ModelBasedTesting.java:797)
	at org.tigris.mbt.ModelBasedTesting.executePath(ModelBasedTesting.java:704)
	at org.tigris.mbt.Util.loadXml(Util.java:503)
	at org.tigris.mbt.Util.loadMbtFromXml(Util.java:325)
	at org.tigris.mbt.CLI.RunCommandXml(CLI.java:924)
	at org.tigris.mbt.CLI.run(CLI.java:236)
	at org.tigris.mbt.CLI.main(CLI.java:137)
Caused by: com.thoughtworks.selenium.SeleniumException: Connection refused
	at com.thoughtworks.selenium.HttpCommandProcessor.executeCommandOnServlet(HttpCommandProcessor.java:121)
	at com.thoughtworks.selenium.HttpCommandProcessor.doCommand(HttpCommandProcessor.java:101)
	at com.thoughtworks.selenium.DefaultSelenium.setSpeed(DefaultSelenium.java:318)
	at com.groupzero.TestBaseClass.normalSpeed(TestBaseClass.java:119)
	at com.groupzero.subgraphs.OpenProjectBacklog.e_init(OpenProjectBacklog.java:23)
	at com.groupzero.AgilefantTest.e_init(AgilefantTest.java:45)
	... 12 more
Caused by: java.net.ConnectException: Connection refused
	at java.net.PlainSocketImpl.socketConnect(Native Method)
	at java.net.PlainSocketImpl.doConnect(PlainSocketImpl.java:351)
	at java.net.PlainSocketImpl.connectToAddress(PlainSocketImpl.java:213)
	at java.net.PlainSocketImpl.connect(PlainSocketImpl.java:200)
	at java.net.SocksSocketImpl.connect(SocksSocketImpl.java:385)
	at java.net.Socket.connect(Socket.java:529)
	at java.net.Socket.connect(Socket.java:478)
	at sun.net.NetworkClient.doConnect(NetworkClient.java:163)
	at sun.net.www.http.HttpClient.openServer(HttpClient.java:395)
	at sun.net.www.http.HttpClient.openServer(HttpClient.java:530)
	at sun.net.www.http.HttpClient.<init>(HttpClient.java:234)
	at sun.net.www.http.HttpClient.New(HttpClient.java:307)
	at sun.net.www.http.HttpClient.New(HttpClient.java:324)
	at sun.net.www.protocol.http.HttpURLConnection.getNewHttpClient(HttpURLConnection.java:970)
	at sun.net.www.protocol.http.HttpURLConnection.plainConnect(HttpURLConnection.java:911)
	at sun.net.www.protocol.http.HttpURLConnection.connect(HttpURLConnection.java:836)
	at sun.net.www.protocol.http.HttpURLConnection.getOutputStream(HttpURLConnection.java:1014)
	at com.thoughtworks.selenium.HttpCommandProcessor.getOutputStreamWriter(HttpCommandProcessor.java:149)
	at com.thoughtworks.selenium.HttpCommandProcessor.getCommandResponseAsString(HttpCommandProcessor.java:176)
	at com.thoughtworks.selenium.HttpCommandProcessor.executeCommandOnServlet(HttpCommandProcessor.java:118)
	... 17 more

2011-12-09 12:27:55,374 [main] ERROR - java.lang.RuntimeException: InvocationTargetException.
	at org.tigris.mbt.ModelBasedTesting.executeMethod(ModelBasedTesting.java:867)
	at org.tigris.mbt.ModelBasedTesting.executePath(ModelBasedTesting.java:797)
	at org.tigris.mbt.ModelBasedTesting.executePath(ModelBasedTesting.java:704)
	at org.tigris.mbt.Util.loadXml(Util.java:503)
	at org.tigris.mbt.Util.loadMbtFromXml(Util.java:325)
	at org.tigris.mbt.CLI.RunCommandXml(CLI.java:924)
	at org.tigris.mbt.CLI.run(CLI.java:236)
	at org.tigris.mbt.CLI.main(CLI.java:137)
Caused by: com.thoughtworks.selenium.SeleniumException: Connection refused
	at com.thoughtworks.selenium.HttpCommandProcessor.executeCommandOnServlet(HttpCommandProcessor.java:121)
	at com.thoughtworks.selenium.HttpCommandProcessor.doCommand(HttpCommandProcessor.java:101)
	at com.thoughtworks.selenium.DefaultSelenium.setSpeed(DefaultSelenium.java:318)
	at com.groupzero.TestBaseClass.normalSpeed(TestBaseClass.java:119)
	at com.groupzero.subgraphs.OpenProjectBacklog.e_init(OpenProjectBacklog.java:23)
	at com.groupzero.AgilefantTest.e_init(AgilefantTest.java:45)
	at sun.reflect.NativeMethodAccessorImpl.invoke0(Native Method)
	at sun.reflect.NativeMethodAccessorImpl.invoke(NativeMethodAccessorImpl.java:39)
	at sun.reflect.DelegatingMethodAccessorImpl.invoke(DelegatingMethodAccessorImpl.java:25)
	at java.lang.reflect.Method.invoke(Method.java:597)
	at org.tigris.mbt.ModelBasedTesting.executeMethod(ModelBasedTesting.java:859)
	... 7 more
Caused by: java.net.ConnectException: Connection refused
	at java.net.PlainSocketImpl.socketConnect(Native Method)
	at java.net.PlainSocketImpl.doConnect(PlainSocketImpl.java:351)
	at java.net.PlainSocketImpl.connectToAddress(PlainSocketImpl.java:213)
	at java.net.PlainSocketImpl.connect(PlainSocketImpl.java:200)
	at java.net.SocksSocketImpl.connect(SocksSocketImpl.java:385)
	at java.net.Socket.connect(Socket.java:529)
	at java.net.Socket.connect(Socket.java:478)
	at sun.net.NetworkClient.doConnect(NetworkClient.java:163)
	at sun.net.www.http.HttpClient.openServer(HttpClient.java:395)
	at sun.net.www.http.HttpClient.openServer(HttpClient.java:530)
	at sun.net.www.http.HttpClient.<init>(HttpClient.java:234)
	at sun.net.www.http.HttpClient.New(HttpClient.java:307)
	at sun.net.www.http.HttpClient.New(HttpClient.java:324)
	at sun.net.www.protocol.http.HttpURLConnection.getNewHttpClient(HttpURLConnection.java:970)
	at sun.net.www.protocol.http.HttpURLConnection.plainConnect(HttpURLConnection.java:911)
	at sun.net.www.protocol.http.HttpURLConnection.connect(HttpURLConnection.java:836)
	at sun.net.www.protocol.http.HttpURLConnection.getOutputStream(HttpURLConnection.java:1014)
	at com.thoughtworks.selenium.HttpCommandProcessor.getOutputStreamWriter(HttpCommandProcessor.java:149)
	at com.thoughtworks.selenium.HttpCommandProcessor.getCommandResponseAsString(HttpCommandProcessor.java:176)
	at com.thoughtworks.selenium.HttpCommandProcessor.executeCommandOnServlet(HttpCommandProcessor.java:118)
	... 17 more

2011-12-09 12:27:55,389 [Thread-2] INFO  - Edge not reached: Edge: '', INDEX=79
Edge not reached: Edge: '', INDEX=80
Edge not reached: Edge: '', INDEX=95
Edge not reached: Edge: 'e_ClickBacklogTab', INDEX=77
Edge not reached: Edge: 'e_ClickCancelNewIteration', INDEX=94
Edge not reached: Edge: 'e_ClickCreateNewIteration', INDEX=96
Edge not reached: Edge: 'e_ClickProjectName', INDEX=78
Edge not reached: Edge: 'e_EnterBaseURL', INDEX=75
Edge not reached: Edge: 'e_InputIterationDetailsAndSave', INDEX=90
Edge not reached: Edge: 'e_InputUserCredentials', INDEX=74
Edge not reached: Edge: 'e_StartBrowser', INDEX=73
Vertex not reached: Vertex: 'v_AgilefantLandingPage', INDEX=66
Vertex not reached: Vertex: 'v_AgilefantProjectBacklog', INDEX=65
Vertex not reached: Vertex: 'v_BrowserStarted', INDEX=62
Vertex not reached: Vertex: 'v_CreateNewIteration', INDEX=89
Vertex not reached: Vertex: 'v_EmptyBacklogPage', INDEX=67
Vertex not reached: Vertex: 'v_Login', INDEX=63
Vertex not reached: Vertex: 'v_SubGraphCreateNewIteration', INDEX=68
Vertex not reached: Vertex: 'v_VerifyIterationCreation', INDEX=88
Coverage Edges: 1/12 => 8%
Coverage Vertices: 2/10 => 20%
Unvisited Edges:  11
Unvisited Vertices: 8
Test sequence length:  1
Execution time: 0 seconds
2011-12-09 12:28:40,018 [main] INFO  - Done merging
2011-12-09 12:28:40,657 [main] INFO  - Edge: 'e_init', INDEX=72 
2011-12-09 12:28:41,182 [main] INFO  - Vertex: 'v_BrowserStopped', INDEX=64  DATA: num_of_backlog_stories=0;num_of_stories=0;num_of_iterations=0;num_of_iteration_stories=0;
2011-12-09 12:28:41,212 [main] INFO  - Edge: 'e_StartBrowser', INDEX=73 
2011-12-09 12:28:56,364 [main] INFO  - Vertex: 'v_BrowserStarted', INDEX=62  DATA: num_of_backlog_stories=0;num_of_stories=0;num_of_iterations=0;num_of_iteration_stories=0;
2011-12-09 12:28:56,815 [main] INFO  - Found browser with title: 
2011-12-09 12:28:56,816 [main] INFO  - Edge: 'e_EnterBaseURL', INDEX=75 
2011-12-09 12:29:01,190 [main] INFO  - Vertex: 'v_Login', INDEX=63  DATA: num_of_backlog_stories=0;num_of_stories=0;num_of_iterations=0;num_of_iteration_stories=0;
2011-12-09 12:29:02,078 [main] INFO  - Bodytext:Agilefant login 
 
 Username Password  Remember me   
 
 Agilefant 2.0.3 (r4337) | SoberIT | Aalto University
2011-12-09 12:29:02,078 [main] INFO  - Text to find: Agilefant login
2011-12-09 12:29:02,080 [main] INFO  - Edge: 'e_InputUserCredentials', INDEX=74 
2011-12-09 12:29:02,522 [main] INFO  - Username: admin
2011-12-09 12:29:03,223 [main] INFO  - Password: secret
2011-12-09 12:29:03,933 [main] INFO  - Vertex: 'v_AgilefantLandingPage', INDEX=66  DATA: num_of_backlog_stories=0;num_of_stories=0;num_of_iterations=0;num_of_iteration_stories=0;
2011-12-09 12:29:07,770 [main] INFO  - Edge: 'e_ClickBacklogTab', INDEX=77 
2011-12-09 12:29:09,596 [main] INFO  - Vertex: 'v_EmptyBacklogPage', INDEX=67  DATA: num_of_backlog_stories=0;num_of_stories=0;num_of_iterations=0;num_of_iteration_stories=0;
2011-12-09 12:29:10,522 [main] INFO  - Bodytext:Create new | Administrator | Help | Logout 
 
 Daily Work Backlogs Timesheets Administration 
 Search... 
 
 Search: 
 
 My Assignments No items assigned to you



 Products Administration 
 
 
 
 
 No backlog selected Please select a backlog from left hand side panel. You can also start by creating a new object.
 Product È Project È Iteration È Story È Team È User È 
 
 Agilefant 2.0.3 (r4337) | SoberIT | Aalto University
2011-12-09 12:29:10,523 [main] INFO  - Text to find: No backlog selected
2011-12-09 12:29:10,523 [main] INFO  - Edge: 'e_ClickProjectName', INDEX=78 
2011-12-09 12:29:17,604 [main] INFO  - Vertex: 'v_AgilefantProjectBacklog', INDEX=65  DATA: num_of_backlog_stories=0;num_of_stories=0;num_of_iterations=0;num_of_iteration_stories=0;
2011-12-09 12:29:18,110 [main] INFO  - Bodytext:Create new | Administrator | Help | Logout 
 
 Daily Work Backlogs Timesheets Administration 
 Search... 
 
 Search: 
 
 My Assignments Products Group ZeroZero Sugar Project

test-product-1
test-product-1
test-product-1
test-product-2
test-product-2
test-product-2
test-product-2
test-product-3
test-product-3
test-product-3
test-product-3



 Administration 
 
 
 
 
 Project: Zero Sugar Project Group Zero > Zero Sugar Project 
 Info Actions Name
Zero Sugar Project

Reference ID
backlog:8

Start Date
2011-10-19 09:39

End Date
2011-10-19 09:39

Planned Size
Ñ

Baseline load
Ñ

Assignees
(none)

Description
(empty)




 
 Story tree Leaf stories Iterations 
 Story tree

Create storyExpand all

     N Ð   Backlog story (Zero Sugar Project)      B 5   Story Zero (Iteration Zero) 


 
  
 
 
 
 
 
 Agilefant 2.0.3 (r4337) | SoberIT | Aalto University
2011-12-09 12:29:18,110 [main] INFO  - Text to find: Project: Zero Sugar Project
2011-12-09 12:29:18,111 [main] INFO  - Edge: '', INDEX=79 
2011-12-09 12:29:18,111 [main] INFO  - Vertex: 'v_SubGraphCreateNewIteration', INDEX=68  DATA: num_of_backlog_stories=0;num_of_stories=0;num_of_iterations=0;num_of_iteration_stories=0;
2011-12-09 12:29:18,111 [main] INFO  - Edge: 'e_ClickCreateNewIteration', INDEX=96 
2011-12-09 12:29:19,229 [main] INFO  - Vertex: 'v_CreateNewIteration', INDEX=89  DATA: num_of_backlog_stories=0;num_of_stories=0;num_of_iterations=0;num_of_iteration_stories=0;
2011-12-09 12:29:19,680 [main] INFO  - Edge: 'e_ClickCancelNewIteration', INDEX=94 
2011-12-09 12:29:20,162 [main] INFO  - Vertex: 'v_SubGraphCreateNewIteration', INDEX=68  DATA: num_of_backlog_stories=0;num_of_stories=0;num_of_iterations=0;num_of_iteration_stories=0;
2011-12-09 12:29:20,163 [main] INFO  - Edge: 'e_ClickCreateNewIteration', INDEX=96 
2011-12-09 12:29:21,213 [main] INFO  - Vertex: 'v_CreateNewIteration', INDEX=89  DATA: num_of_backlog_stories=0;num_of_stories=0;num_of_iterations=0;num_of_iteration_stories=0;
2011-12-09 12:29:21,670 [main] INFO  - Edge: 'e_InputIterationDetailsAndSave', INDEX=90 
2011-12-09 12:29:32,296 [main] INFO  - Vertex: 'v_VerifyIterationCreation', INDEX=88  DATA: num_of_backlog_stories=0;num_of_stories=0;num_of_iterations=1;num_of_iteration_stories=0;
2011-12-09 12:29:37,632 [main] INFO  - Edge: '', INDEX=95 
2011-12-09 12:29:37,633 [main] INFO  - Vertex: 'v_SubGraphCreateNewIteration', INDEX=68  DATA: num_of_backlog_stories=0;num_of_stories=0;num_of_iterations=1;num_of_iteration_stories=0;
2011-12-09 12:29:37,641 [Thread-2] INFO  - Edge not reached: Edge: '', INDEX=80
Coverage Edges: 11/12 => 91%
Coverage Vertices: 10/10 => 100%
Unvisited Edges:  1
Unvisited Vertices: 0
Test sequence length:  12
Execution time: 57 seconds
